    Updating registry at `~/.julia/registries/General`
  No Changes to `/tmp/jl_jRhNZB/Project.toml`
    Updating `/tmp/jl_jRhNZB/Manifest.toml`
  [0dad84c5] ~ ArgTools `@stdlib/ArgTools` ⇒ 
  [56f22d72] ~ Artifacts `@stdlib/Artifacts` ⇒ 
  [2a0f44e3] ~ Base64 `@stdlib/Base64` ⇒ 
  [ade2ca70] ~ Dates `@stdlib/Dates` ⇒ 
  [f43a241f] ~ Downloads `@stdlib/Downloads` ⇒ 
  [b77e0a4c] ~ InteractiveUtils `@stdlib/InteractiveUtils` ⇒ 
  [b27032c2] ~ LibCURL `@stdlib/LibCURL` ⇒ 
  [76f85450] ~ LibGit2 `@stdlib/LibGit2` ⇒ 
  [8f399da3] ~ Libdl `@stdlib/Libdl` ⇒ 
  [56ddb016] ~ Logging `@stdlib/Logging` ⇒ 
  [d6f4376e] ~ Markdown `@stdlib/Markdown` ⇒ 
  [ca575930] ~ NetworkOptions `@stdlib/NetworkOptions` ⇒ 
  [de0858da] ~ Printf `@stdlib/Printf` ⇒ 
  [3fa0cd96] ~ REPL `@stdlib/REPL` ⇒ 
  [9a3f8284] ~ Random `@stdlib/Random` ⇒ 
  [ea8e919c] ~ SHA `@stdlib/SHA` ⇒ 
  [9e88b42a] ~ Serialization `@stdlib/Serialization` ⇒ 
  [6462fe0b] ~ Sockets `@stdlib/Sockets` ⇒ 
  [fa267f1f] ~ TOML `@stdlib/TOML` ⇒ 
  [a4e569a6] ~ Tar `@stdlib/Tar` ⇒ 
  [cf7118a7] ~ UUIDs `@stdlib/UUIDs` ⇒ 
  [4ec0a83e] ~ Unicode `@stdlib/Unicode` ⇒ 
  [deac9b47] ~ LibCURL_jll `@stdlib/LibCURL_jll` ⇒ 
  [29816b5a] ~ LibSSH2_jll `@stdlib/LibSSH2_jll` ⇒ 
  [c8ffd9c3] ~ MbedTLS_jll `@stdlib/MbedTLS_jll` ⇒ 
  [14a3606d] ~ MozillaCACerts_jll `@stdlib/MozillaCACerts_jll` ⇒ 
  [83775a58] ~ Zlib_jll `@stdlib/Zlib_jll` ⇒ 
  [8e850ede] ~ nghttp2_jll `@stdlib/nghttp2_jll` ⇒ 
  [3f19e933] ~ p7zip_jll `@stdlib/p7zip_jll` ⇒ 
